<?xml version="1.0" encoding="UTF-8"?>
<testsuite xmlns:xsi="http://www.w3.org/2001/XMLSchema-instance" xsi:noNamespaceSchemaLocation="https://maven.apache.org/surefire/maven-surefire-plugin/xsd/surefire-test-report.xsd" name="caculator.calculatorTest" time="0.075" tests="6" errors="6" skipped="0" failures="0">
  <properties>
    <property name="sun.desktop" value="windows"/>
    <property name="awt.toolkit" value="sun.awt.windows.WToolkit"/>
    <property name="file.encoding.pkg" value="sun.io"/>
    <property name="java.specification.version" value="1.8"/>
    <property name="sun.cpu.isalist" value="amd64"/>
    <property name="sun.jnu.encoding" value="Cp1252"/>
    <property name="java.class.path" value="C:\Users\Boltero\IdeaProjects\wordcount\ProjetCalculator\ProjetCalculator\target\test-classes;C:\Users\Boltero\IdeaProjects\wordcount\ProjetCalculator\ProjetCalculator\target\classes;C:\Users\Boltero\.m2\repository\junit\junit\4.11\junit-4.11.jar;C:\Users\Boltero\.m2\repository\org\hamcrest\hamcrest-core\1.3\hamcrest-core-1.3.jar;"/>
    <property name="java.vm.vendor" value="Oracle Corporation"/>
    <property name="sun.arch.data.model" value="64"/>
    <property name="user.variant" value=""/>
    <property name="java.vendor.url" value="http://java.oracle.com/"/>
    <property name="user.timezone" value="GMT"/>
    <property name="java.vm.specification.version" value="1.8"/>
    <property name="os.name" value="Windows 10"/>
    <property name="user.country" value="FR"/>
    <property name="sun.java.launcher" value="SUN_STANDARD"/>
    <property name="sun.boot.library.path" value="C:\Users\Boltero\Desktop\jdk1.8.0_261\jre\bin"/>
    <property name="sun.java.command" value="C:\Users\Boltero\AppData\Local\Temp\surefire7867041280013161983\surefirebooter2983885208667373869.jar C:\Users\Boltero\AppData\Local\Temp\surefire7867041280013161983 2020-11-25T15-43-01_180-jvmRun1 surefire3667374794334418292tmp surefire_02558744058675775562tmp"/>
    <property name="surefire.test.class.path" value="C:\Users\Boltero\IdeaProjects\wordcount\ProjetCalculator\ProjetCalculator\target\test-classes;C:\Users\Boltero\IdeaProjects\wordcount\ProjetCalculator\ProjetCalculator\target\classes;C:\Users\Boltero\.m2\repository\junit\junit\4.11\junit-4.11.jar;C:\Users\Boltero\.m2\repository\org\hamcrest\hamcrest-core\1.3\hamcrest-core-1.3.jar;"/>
    <property name="sun.cpu.endian" value="little"/>
    <property name="user.home" value="C:\Users\Boltero"/>
    <property name="user.language" value="fr"/>
    <property name="java.specification.vendor" value="Oracle Corporation"/>
    <property name="java.home" value="C:\Users\Boltero\Desktop\jdk1.8.0_261\jre"/>
    <property name="basedir" value="C:\Users\Boltero\IdeaProjects\wordcount\ProjetCalculator\ProjetCalculator"/>
    <property name="file.separator" value="\"/>
    <property name="line.separator" value="&#10;"/>
    <property name="java.vm.specification.vendor" value="Oracle Corporation"/>
    <property name="java.specification.name" value="Java Platform API Specification"/>
    <property name="java.awt.graphicsenv" value="sun.awt.Win32GraphicsEnvironment"/>
    <property name="surefire.real.class.path" value="C:\Users\Boltero\AppData\Local\Temp\surefire7867041280013161983\surefirebooter2983885208667373869.jar"/>
    <property name="sun.boot.class.path" value="C:\Users\Boltero\Desktop\jdk1.8.0_261\jre\lib\resources.jar;C:\Users\Boltero\Desktop\jdk1.8.0_261\jre\lib\rt.jar;C:\Users\Boltero\Desktop\jdk1.8.0_261\jre\lib\sunrsasign.jar;C:\Users\Boltero\Desktop\jdk1.8.0_261\jre\lib\jsse.jar;C:\Users\Boltero\Desktop\jdk1.8.0_261\jre\lib\jce.jar;C:\Users\Boltero\Desktop\jdk1.8.0_261\jre\lib\charsets.jar;C:\Users\Boltero\Desktop\jdk1.8.0_261\jre\lib\jfr.jar;C:\Users\Boltero\Desktop\jdk1.8.0_261\jre\classes"/>
    <property name="user.script" value=""/>
    <property name="sun.management.compiler" value="HotSpot 64-Bit Tiered Compilers"/>
    <property name="java.runtime.version" value="1.8.0_261-b12"/>
    <property name="user.name" value="Boltero"/>
    <property name="path.separator" value=";"/>
    <property name="os.version" value="10.0"/>
    <property name="java.endorsed.dirs" value="C:\Users\Boltero\Desktop\jdk1.8.0_261\jre\lib\endorsed"/>
    <property name="java.runtime.name" value="Java(TM) SE Runtime Environment"/>
    <property name="file.encoding" value="Cp1252"/>
    <property name="java.vm.name" value="Java HotSpot(TM) 64-Bit Server VM"/>
    <property name="localRepository" value="C:\Users\Boltero\.m2\repository"/>
    <property name="java.vendor.url.bug" value="http://bugreport.sun.com/bugreport/"/>
    <property name="java.io.tmpdir" value="C:\Users\Boltero\AppData\Local\Temp\"/>
    <property name="idea.version" value="2020.2.3"/>
    <property name="java.version" value="1.8.0_261"/>
    <property name="user.dir" value="C:\Users\Boltero\IdeaProjects\wordcount\ProjetCalculator\ProjetCalculator"/>
    <property name="os.arch" value="amd64"/>
    <property name="java.vm.specification.name" value="Java Virtual Machine Specification"/>
    <property name="java.awt.printerjob" value="sun.awt.windows.WPrinterJob"/>
    <property name="sun.os.patch.level" value=""/>
    <property name="java.library.path" value="C:\Users\Boltero\Desktop\jdk1.8.0_261\jre\bin;C:\WINDOWS\Sun\Java\bin;C:\WINDOWS\system32;C:\WINDOWS;C:\WINDOWS\system32;C:\WINDOWS;C:\WINDOWS\System32\Wbem;C:\WINDOWS\System32\WindowsPowerShell\v1.0\;C:\WINDOWS\System32\OpenSSH\;C:\Program Files\Docker\Docker\resources\bin;C:\ProgramData\DockerDesktop\version-bin;C:\Program Files\Git\cmd;C:\apache-maven-3.6.3\bin;C:\Users\Boltero\Desktop\jdk1.8.0_261\bin;C:\Users\Boltero\AppData\Local\Programs\Python\Python39\Scripts\;C:\Users\Boltero\AppData\Local\Programs\Python\Python39\;C:\Users\Boltero\AppData\Local\Microsoft\WindowsApps;;."/>
    <property name="java.vm.info" value="mixed mode"/>
    <property name="java.vendor" value="Oracle Corporation"/>
    <property name="java.vm.version" value="25.261-b12"/>
    <property name="java.ext.dirs" value="C:\Users\Boltero\Desktop\jdk1.8.0_261\jre\lib\ext;C:\WINDOWS\Sun\Java\lib\ext"/>
    <property name="sun.io.unicode.encoding" value="UnicodeLittle"/>
    <property name="java.class.version" value="52.0"/>
  </properties>
  <testcase name="divide" classname="caculator.calculatorTest" time="0.007">
    <error type="java.lang.NullPointerException">java.lang.NullPointerException
	at caculator.calculatorTest.divide(calculatorTest.java:37)
</error>
  </testcase>
  <testcase name="max" classname="caculator.calculatorTest" time="0">
    <error type="java.lang.NullPointerException">java.lang.NullPointerException
	at caculator.calculatorTest.max(calculatorTest.java:55)
</error>
  </testcase>
  <testcase name="min" classname="caculator.calculatorTest" time="0">
    <error type="java.lang.NullPointerException">java.lang.NullPointerException
	at caculator.calculatorTest.min(calculatorTest.java:49)
</error>
  </testcase>
  <testcase name="sub" classname="caculator.calculatorTest" time="0">
    <error type="java.lang.NullPointerException">java.lang.NullPointerException
	at caculator.calculatorTest.sub(calculatorTest.java:18)
</error>
  </testcase>
  <testcase name="minus" classname="caculator.calculatorTest" time="0">
    <error type="java.lang.NullPointerException">java.lang.NullPointerException
	at caculator.calculatorTest.minus(calculatorTest.java:27)
</error>
  </testcase>
  <testcase name="multiply" classname="caculator.calculatorTest" time="0.001">
    <error type="java.lang.NullPointerException">java.lang.NullPointerException
	at caculator.calculatorTest.multiply(calculatorTest.java:32)
</error>
  </testcase>
</testsuite>